2026-03-24 16:29:12,017 INFO: Jay Goga Mart startup [in D:\mart\app.py:38]
2026-03-31 15:20:53,909 INFO: Jay Goga Mart startup [in d:\mart\app.py:38]
2026-03-31 15:20:55,212 INFO: Jay Goga Mart startup [in d:\mart\app.py:38]
2026-03-31 15:25:05,968 INFO: Jay Goga Mart startup [in d:\mart\app.py:38]
2026-03-31 15:25:05,968 INFO: Jay Goga Mart startup [in d:\mart\app.py:38]
2026-03-31 16:01:37,003 INFO: Jay Goga Mart startup [in d:\mart\app.py:38]
2026-03-31 16:07:35,239 INFO: Jay Goga Mart startup [in d:\mart\app.py:38]
2026-03-31 16:07:35,239 INFO: Jay Goga Mart startup [in d:\mart\app.py:38]
2026-04-07 19:46:29,359 INFO: Jay Goga Mart startup [in d:\mart\app.py:38]
2026-04-07 19:46:31,874 INFO: Jay Goga Mart startup [in d:\mart\app.py:38]
2026-05-08 14:48:47,734 INFO: Jay Goga Mart startup [in d:\mart\app.py:42]
2026-05-08 14:48:48,987 INFO: Jay Goga Mart startup [in d:\mart\app.py:42]
2026-05-08 15:01:25,575 INFO: Jay Goga Mart startup [in d:\mart\app.py:42]
2026-05-08 15:02:20,347 INFO: Jay Goga Mart startup [in d:\mart\app.py:42]
2026-05-08 17:35:29,254 INFO: Jay Goga Mart startup [in d:\mart\app.py:42]
2026-05-08 17:35:31,766 INFO: Jay Goga Mart startup [in d:\mart\app.py:42]
2026-05-08 18:42:25,610 INFO: Jay Goga Mart startup [in d:\mart\app\__init__.py:46]
2026-05-08 18:42:27,774 INFO: Jay Goga Mart startup [in d:\mart\app\__init__.py:46]
2026-05-08 18:46:52,729 INFO: Jay Goga Mart startup [in d:\mart\app\__init__.py:46]
2026-05-08 18:47:02,684 INFO: Jay Goga Mart startup [in d:\mart\app\__init__.py:46]
2026-05-08 19:32:33,983 INFO: Jay Goga Mart startup [in d:\mart\app\__init__.py:46]
2026-05-08 19:47:46,194 INFO: Jay Goga Mart startup [in d:\mart\app\__init__.py:46]
2026-05-08 19:47:47,957 INFO: Jay Goga Mart startup [in d:\mart\app\__init__.py:46]
2026-05-09 10:14:05,763 INFO: Jay Goga Mart startup [in D:\mart\app\__init__.py:46]
2026-05-09 10:14:17,335 INFO: Jay Goga Mart startup [in D:\mart\app\__init__.py:46]
2026-05-09 10:14:18,554 INFO: Jay Goga Mart startup [in D:\mart\app\__init__.py:46]
2026-05-09 10:18:12,927 INFO: Jay Goga Mart startup [in d:\mart\app\__init__.py:46]
2026-05-09 10:18:13,953 INFO: Jay Goga Mart startup [in d:\mart\app\__init__.py:46]
2026-05-09 10:42:33,187 INFO: Jay Goga Mart startup [in d:\mart\app\__init__.py:46]
2026-05-09 10:42:43,486 INFO: Jay Goga Mart startup [in d:\mart\app\__init__.py:46]
2026-05-09 10:42:50,826 INFO: Jay Goga Mart startup [in d:\mart\app\__init__.py:46]
2026-05-09 10:48:34,927 INFO: Jay Goga Mart startup [in d:\mart\app\__init__.py:46]
2026-05-09 10:48:37,246 INFO: Jay Goga Mart startup [in d:\mart\app\__init__.py:46]
2026-05-09 10:55:07,213 ERROR: Error sending email: (530, b'5.7.0 Authentication Required. For more information, go to\n5.7.0  https://support.google.com/accounts/troubleshooter/2402620. d9443c01a7336-2baf1d52f27sm51195445ad.36 - gsmtp', 'jaygogakiranastore@gmail.com') [in d:\mart\app\routes\customer.py:171]
2026-05-09 10:59:54,137 INFO: Jay Goga Mart startup [in d:\mart\app\__init__.py:46]
2026-05-09 11:05:45,456 ERROR: Error sending email: (530, b'5.7.0 Authentication Required. For more information, go to\n5.7.0  https://support.google.com/accounts/troubleshooter/2402620. d2e1a72fcca58-83965945c1bsm14566373b3a.15 - gsmtp', 'jaygogakiranastore@gmail.com') [in d:\mart\app\routes\customer.py:171]
